<?xml version="1.0" encoding="UTF-8"?>
<testsuite xmlns:xsi="http://www.w3.org/2001/XMLSchema-instance" xsi:noNamespaceSchemaLocation="https://maven.apache.org/surefire/maven-surefire-plugin/xsd/surefire-test-report-3.0.xsd" version="3.0" name="TestSuite" time="79.131" tests="3" errors="0" skipped="0" failures="3">
  <properties>
[...]
</properties>
  <testcase name="runScenario" classname="runner.TestRunner" time="68.408">
    <failure message="connection refused&#10;Build info: version: &apos;3.141.59&apos;, revision: &apos;e82be7d358&apos;, time: &apos;2018-11-14T08:17:03&apos;&#10;System info: host: &apos;AST-PC&apos;, ip: &apos;192.168.0.15&apos;, os.name: &apos;Windows 10&apos;, os.arch: &apos;amd64&apos;, os.version: &apos;10.0&apos;, java.version: &apos;1.8.0_60&apos;&#10;Driver info: driver.version: FirefoxDriver&#10;remote stacktrace: " type="org.openqa.selenium.TimeoutException"><![CDATA[org.openqa.selenium.TimeoutException: 
connection refused
Build info: version: '3.141.59', revision: 'e82be7d358', time: '2018-11-14T08:17:03'
System info: host: 'AST-PC', ip: '192.168.0.15', os.name: 'Windows 10', os.arch: 'amd64', os.version: '10.0', java.version: '1.8.0_60'
Driver info: driver.version: FirefoxDriver
remote stacktrace: 
]]></failure>
    <system-out><![CDATA[The test is starting runScenario
The test is starting runScenario
The test is starting runScenario
F:\IntellijProjects\Cucumber
Initialize the browser----------------
F:\IntellijProjects\Cucumber
Initialize the browser----------------
F:\IntellijProjects\Cucumber
Initialize the browser----------------
Take screenshot
Close the browser - - - - - - - --
Take screenshot
Close the browser - - - - - - - --
On test failure
On test failure
]]></system-out>
    <system-err><![CDATA[Jul 03, 2020 12:22:02 PM cucumber.runtime.java.ObjectFactoryLoader loadSingleObjectFactory
INFO: Loading ObjectFactory via service loader: io.cucumber.picocontainer.PicoFactory
Jul 03, 2020 12:22:02 PM cucumber.runtime.java.ObjectFactoryLoader loadSingleObjectFactory
INFO: Loading ObjectFactory via service loader: io.cucumber.picocontainer.PicoFactory
Jul 03, 2020 12:22:02 PM cucumber.runtime.java.ObjectFactoryLoader loadSingleObjectFactory
INFO: Loading ObjectFactory via service loader: io.cucumber.picocontainer.PicoFactory
1593793328740	mozrunner::runner	INFO	Running command: "C:\\Program Files (x86)\\Mozilla Firefox1593793328740	m15937o9z3r3u2n8n7e5r:6:runner	INFO	Running command: "C:\\Program Files (x86)\\Mozill	mozrunner::runnaer	INFO	Runnin Firefox\\firefox.exe" "-marionette" "-foreground" "-no-remote" "-prog command: "C:\\Profgiram Filelse "( x"8C6:)\\\\UMsoers\\THIPPE~1\\AppDataz\illa Firef\ox\\firefox.exe" "-mL\ocal\\Temp\\rust_mozprofilePtq29q"
\firefox.exe" "-marionette" "-foregraoruinodn"e t"t-e" n"o--remotforegroe" "-profiundl"e "" -"nCo:-\r\eUmsoetres"\ \"T-HpIrPoPfile" "C:\\Users\\THIPPE~1\\AppData\\LocalE~1\\AppData\\Local\\Temp\\rust_moz\\Temp\\rust_mozprofile9wsajW"
profilePdsCN6"
UUnablenable to read UVR nPaath  tRbeog irselaed  tVoR  rPeath Registry fad VR Path Registry from C:\Users\thippeswamy\AppData\Local\openvr\openvrpaths.vrpath
try from C:\Users\thippeswamy\AppData\Local\openvr\openvrpaths.vrpath
rom C:\Users\thippeswamy\AppData\Local\openvr\openvrpaths.vrpath
115953979337913363569113075903535651	0M5ar5		iMoanMertitoen	eItNtFea	rIiOo	nEentatbel	eIdN FvOi	NEFnOa	 a-b-lmeEdn avbarliead i-o nveitat --m-aerione
tmtaeri
onette
UUnnaabbllee  tto ro eraeda dV RV RP aPtaht hR eRgeigsitsrtyr y ffrrom oCm: \CU:s\Uesers\thippeswamy\AppData\Local\openvr\openvrpaths.vrpath
rs\thippeswamy\AppData\Local\openvr\openvrpaths.vrpath
Unable to read VR Path Registry from C:\Users\thippeswamy\AppData\Local\openvr\openvrpaths.vrpath
Unable to read VR Path Registry from C:\Users\thippeswamy\AppData\Local\openvr\openvrpaths.vrpath
Unable to read VR Path Registry from C:\Users\thippeswamy\AppData\Local\openvr\openvrpaths.vrpath
Unable to read VR Path Registry from C:\Users\thippeswamy\AppData\Local\openvr\openvrpaths.vrpath
IPDL protocol error: Handler returned error code!

###!!! [Parent][DispatchAsyncMessage] Error: PLayerTransaction::Msg_ReleaseLayer Processing error: meIsPsDaLg ep rwoatso cIoPlD Le rprroort:o cHoaln delrerro rr:e tHuarnddelseerr iraeltiuzrende,d  beurtr otrh ec ohdaen!dl
er 
r#e#t#u!rnneedd  !f!a lesr[rPoarr ecnotd]e[!Di
spe
 a(ticnhdAiscyantciMn#g#e#s!s afgaei]l uErrer)or
:! ! P[
PILPaDyLe rparroeTnrtaotc]o[lD ierror: Handler returned errorn scpoadtec!

###!!!h Ass[yPnacrMeensta]s[ction::Msg_ReleaseLayer PraogDec]i sEpreasror: tscihnAgs yenrcrMessage] Error: PLayerTransaction::Msg_ReleaseLayer Processing error: message was deserialized, but the handler returned false (indicatinPLoagy efraTirlaunrsea)ct
io
nI:P:DMLs gp_rRoetloecaosle Learyreor Processing error: message was deserialized, but the handler returned false (indicating failure)

IPDL protocol error: Handler returned error code!

###!!! [Parent][DispatchAsyncMessage] Error: PLayerTransaction::Msg_ReleaseLayer Processing error: message was deserialized, but the handler returned false (indicating failure)

r: message was deserialized, butr :th eH haannddlleer rre truertneud false (indicating failure)

IPDL protocol error: Handler returned error code!

###!!! [Parent][DispatchAsyncMessage] Error: PLayerTransaction::Msg_ReleaseLayer Processing error: message was deserialized, but the handler returned false (indicating failure)

IPDL protocol error: Handler returned error code!

###!!! [Parrned error code!

###!!! [Parent][DispatchAsyncMessage] Error: PLayerTransaction::Msg_ReleaseLayer Processing error: message was deserialized, but the handler returned false (indicating failure)

IPDL pIePnDtL] [pDriostpoactoclh AesryrnocrM:e ssage] Error: PLayHearTransnaction::Msgd_lReelre arseetLuarynreoetr Processing error: message was deserialized, but the handler returned false (indicating failure)

IPDL protocol error: Handler returned error code!

###!!! [Parent][DispatchAsyncMessage] Error: PLayerTransaction::Msg_ReleaseLayer Processing error: message was deserialized, but the handler returned false (indicating failure)

IPDL protocol error: Handler returned error code!

###!!ocol error: Handler returned error code!

###!!! [Parent][DispatchAsyncMessage] Error: PLayerTransaction::Md error code!

##s! [Parent][DispatchAsyncMessage] Error: PLayerTransaction::Msg_ReleaseLayer Processing error: message was deserialized, but the handler g#_!retR!eur!n [lPede afaaslesLeayreer  nP(rtoic]ens[sdiDnigi cesrartpionagt cfhaAsryincM:elsusraeg)e]
 E
rror: PLayerTransaction::Msg_ReleaseLayer Processing error: message was deserialized, but the handler returned false (indicating failure)

IPDL protocol error: Handler returned error code!

###!!! [Parent][DispatchAsyncMessage] Error: PLayerTransaction::Msg_ReleaseLayer Processing error: message was deserialized, but the handler returned false (indicating failure)

IPDL protocol error: Handler returned error code!

###!!! [Parent][DispatchAsyncMessage] Error: PLayerTransaction::Msg_ReleaseLayer Processing error: message was deserialized, but the handler returned false (indicating failure)

 message was deserialized, but the handler returned false (indicating failure)

IPDL protocol error: Handler returned error code!

###!!! [Parent][DispatchAsyncMessage] Error: PLayerTransaction::Msg_ReleaseLayer Processing error: message was deserialized, but the handler returned false (indicating failure)

java.lang.NullPointerException
	at base.ExtentReportUtil.screenShot(ExtentReportUtil.java:25)
	at runner.TestListener.onTestFailure(TestListener.java:27)
	at org.testng.internal.TestListenerHelper.runTestListeners(TestListenerHelper.java:67)
	at org.testng.internal.Invoker.runTestListeners(Invoker.java:1389)
	at org.testng.internal.Invoker.invokeMethod(Invoker.java:636)
	at org.testng.internal.Invoker.invokeTestMethod(Invoker.java:719)
	at org.testng.internal.TestMethodWithDataProviderMethodWorker.call(TestMethodWithDataProviderMethodWorker.java:71)
	at org.testng.internal.TestMethodWithDataProviderMethodWorker.call(TestMethodWithDataProviderMethodWorker.java:14)
	at java.util.concurrent.FutureTask.run(FutureTask.java:266)
	at java.util.concurrent.Executors$RunnableAdapter.call(Executors.java:511)
	at java.util.concurrent.FutureTask.run(FutureTask.java:266)
	at java.util.concurrent.ThreadPoolExecutor.runWorker(ThreadPoolExecutor.java:1142)
	at java.util.concurrent.ThreadPoolExecutor$Worker.run(ThreadPoolExecutor.java:617)
	at java.lang.Thread.run(Thread.java:745)
java.lang.NullPointerException
	at base.ExtentReportUtil.screenShot(ExtentReportUtil.java:25)
	at runner.TestListener.onTestFailure(TestListener.java:27)
	at org.testng.internal.TestListenerHelper.runTestListeners(TestListenerHelper.java:67)
	at org.testng.internal.Invoker.runTestListeners(Invoker.java:1389)
	at org.testng.internal.Invoker.invokeMethod(Invoker.java:636)
	at org.testng.internal.Invoker.invokeTestMethod(Invoker.java:719)
	at org.testng.internal.TestMethodWithDataProviderMethodWorker.call(TestMethodWithDataProviderMethodWorker.java:71)
	at org.testng.internal.TestMethodWithDataProviderMethodWorker.call(TestMethodWithDataProviderMethodWorker.java:14)
	at java.util.concurrent.FutureTask.run(FutureTask.java:266)
	at java.util.concurrent.Executors$RunnableAdapter.call(Executors.java:511)
	at java.util.concurrent.FutureTask.run(FutureTask.java:266)
	at java.util.concurrent.ThreadPoolExecutor.runWorker(ThreadPoolExecutor.java:1142)
	at java.util.concurrent.ThreadPoolExecutor$Worker.run(ThreadPoolExecutor.java:617)
	at java.lang.Thread.run(Thread.java:745)
]]></system-err>
  </testcase>
  <testcase name="runScenario" classname="runner.TestRunner" time="68.423">
    <failure message="connection refused&#10;Build info: version: &apos;3.141.59&apos;, revision: &apos;e82be7d358&apos;, time: &apos;2018-11-14T08:17:03&apos;&#10;System info: host: &apos;AST-PC&apos;, ip: &apos;192.168.0.15&apos;, os.name: &apos;Windows 10&apos;, os.arch: &apos;amd64&apos;, os.version: &apos;10.0&apos;, java.version: &apos;1.8.0_60&apos;&#10;Driver info: driver.version: FirefoxDriver&#10;remote stacktrace: " type="org.openqa.selenium.TimeoutException"><![CDATA[org.openqa.selenium.TimeoutException: 
connection refused
Build info: version: '3.141.59', revision: 'e82be7d358', time: '2018-11-14T08:17:03'
System info: host: 'AST-PC', ip: '192.168.0.15', os.name: 'Windows 10', os.arch: 'amd64', os.version: '10.0', java.version: '1.8.0_60'
Driver info: driver.version: FirefoxDriver
remote stacktrace: 
]]></failure>
  </testcase>
  <testcase name="runScenario" classname="runner.TestRunner" time="68.611">
    <failure message="connection refused&#10;Build info: version: &apos;3.141.59&apos;, revision: &apos;e82be7d358&apos;, time: &apos;2018-11-14T08:17:03&apos;&#10;System info: host: &apos;AST-PC&apos;, ip: &apos;192.168.0.15&apos;, os.name: &apos;Windows 10&apos;, os.arch: &apos;amd64&apos;, os.version: &apos;10.0&apos;, java.version: &apos;1.8.0_60&apos;&#10;Driver info: driver.version: FirefoxDriver&#10;remote stacktrace: " type="org.openqa.selenium.TimeoutException"><![CDATA[org.openqa.selenium.TimeoutException: 
connection refused
Build info: version: '3.141.59', revision: 'e82be7d358', time: '2018-11-14T08:17:03'
System info: host: 'AST-PC', ip: '192.168.0.15', os.name: 'Windows 10', os.arch: 'amd64', os.version: '10.0', java.version: '1.8.0_60'
Driver info: driver.version: FirefoxDriver
remote stacktrace: 
]]></failure>
    <system-out><![CDATA[Take screenshot
Close the browser - - - - - - - --
On test failure
]]></system-out>
    <system-err><![CDATA[java.lang.NullPointerException
	at base.ExtentReportUtil.screenShot(ExtentReportUtil.java:25)
	at runner.TestListener.onTestFailure(TestListener.java:27)
	at org.testng.internal.TestListenerHelper.runTestListeners(TestListenerHelper.java:67)
	at org.testng.internal.Invoker.runTestListeners(Invoker.java:1389)
	at org.testng.internal.Invoker.invokeMethod(Invoker.java:636)
	at org.testng.internal.Invoker.invokeTestMethod(Invoker.java:719)
	at org.testng.internal.TestMethodWithDataProviderMethodWorker.call(TestMethodWithDataProviderMethodWorker.java:71)
	at org.testng.internal.TestMethodWithDataProviderMethodWorker.call(TestMethodWithDataProviderMethodWorker.java:14)
	at java.util.concurrent.FutureTask.run(FutureTask.java:266)
	at java.util.concurrent.Executors$RunnableAdapter.call(Executors.java:511)
	at java.util.concurrent.FutureTask.run(FutureTask.java:266)
	at java.util.concurrent.ThreadPoolExecutor.runWorker(ThreadPoolExecutor.java:1142)
	at java.util.concurrent.ThreadPoolExecutor$Worker.run(ThreadPoolExecutor.java:617)
	at java.lang.Thread.run(Thread.java:745)
]]></system-err>
  </testcase>
</testsuite>